<?xml version="1.0" encoding="UTF-8"?>
<testsuite xmlns:xsi="http://www.w3.org/2001/XMLSchema-instance" xsi:noNamespaceSchemaLocation="https://maven.apache.org/surefire/maven-surefire-plugin/xsd/surefire-test-report.xsd" name="hexanome.thirteen.server.model.ManagerTest" time="0.001" tests="1" errors="0" skipped="0" failures="0">
  <properties>
    <property name="java.specification.version" value="19"/>
    <property name="sun.jnu.encoding" value="UTF-8"/>
    <property name="java.class.path" value="/Users/namdarkabolinejad/Desktop/FALL2022/ecse437-final/server/target/test-classes:/Users/namdarkabolinejad/Desktop/FALL2022/ecse437-final/server/target/classes:/Users/namdarkabolinejad/.m2/repository/org/junit/vintage/junit-vintage-engine/5.6.2/junit-vintage-engine-5.6.2.jar:/Users/namdarkabolinejad/.m2/repository/org/apiguardian/apiguardian-api/1.1.0/apiguardian-api-1.1.0.jar:/Users/namdarkabolinejad/.m2/repository/org/junit/platform/junit-platform-engine/1.6.2/junit-platform-engine-1.6.2.jar:/Users/namdarkabolinejad/.m2/repository/org/opentest4j/opentest4j/1.2.0/opentest4j-1.2.0.jar:/Users/namdarkabolinejad/.m2/repository/org/junit/platform/junit-platform-commons/1.6.2/junit-platform-commons-1.6.2.jar:/Users/namdarkabolinejad/.m2/repository/junit/junit/4.13/junit-4.13.jar:/Users/namdarkabolinejad/.m2/repository/org/hamcrest/hamcrest-core/2.2/hamcrest-core-2.2.jar:/Users/namdarkabolinejad/.m2/repository/org/hamcrest/hamcrest/2.2/hamcrest-2.2.jar:/Users/namdarkabolinejad/.m2/repository/com/google/code/gson/gson/2.10/gson-2.10.jar:/Users/namdarkabolinejad/.m2/repository/org/springframework/boot/spring-boot-starter-web/2.3.0.RELEASE/spring-boot-starter-web-2.3.0.RELEASE.jar:/Users/namdarkabolinejad/.m2/repository/org/springframework/boot/spring-boot-starter/2.3.0.RELEASE/spring-boot-starter-2.3.0.RELEASE.jar:/Users/namdarkabolinejad/.m2/repository/org/springframework/boot/spring-boot/2.3.0.RELEASE/spring-boot-2.3.0.RELEASE.jar:/Users/namdarkabolinejad/.m2/repository/org/springframework/boot/spring-boot-autoconfigure/2.3.0.RELEASE/spring-boot-autoconfigure-2.3.0.RELEASE.jar:/Users/namdarkabolinejad/.m2/repository/org/springframework/boot/spring-boot-starter-logging/2.3.0.RELEASE/spring-boot-starter-logging-2.3.0.RELEASE.jar:/Users/namdarkabolinejad/.m2/repository/ch/qos/logback/logback-classic/1.2.3/logback-classic-1.2.3.jar:/Users/namdarkabolinejad/.m2/repository/ch/qos/logback/logback-core/1.2.3/logback-core-1.2.3.jar:/Users/namdarkabolinejad/.m2/repository/org/slf4j/slf4j-api/1.7.30/slf4j-api-1.7.30.jar:/Users/namdarkabolinejad/.m2/repository/org/apache/logging/log4j/log4j-to-slf4j/2.13.2/log4j-to-slf4j-2.13.2.jar:/Users/namdarkabolinejad/.m2/repository/org/slf4j/jul-to-slf4j/1.7.30/jul-to-slf4j-1.7.30.jar:/Users/namdarkabolinejad/.m2/repository/jakarta/annotation/jakarta.annotation-api/1.3.5/jakarta.annotation-api-1.3.5.jar:/Users/namdarkabolinejad/.m2/repository/org/springframework/spring-core/5.2.6.RELEASE/spring-core-5.2.6.RELEASE.jar:/Users/namdarkabolinejad/.m2/repository/org/springframework/spring-jcl/5.2.6.RELEASE/spring-jcl-5.2.6.RELEASE.jar:/Users/namdarkabolinejad/.m2/repository/org/yaml/snakeyaml/1.26/snakeyaml-1.26.jar:/Users/namdarkabolinejad/.m2/repository/org/springframework/boot/spring-boot-starter-json/2.3.0.RELEASE/spring-boot-starter-json-2.3.0.RELEASE.jar:/Users/namdarkabolinejad/.m2/repository/com/fasterxml/jackson/core/jackson-databind/2.11.0/jackson-databind-2.11.0.jar:/Users/namdarkabolinejad/.m2/repository/com/fasterxml/jackson/core/jackson-annotations/2.11.0/jackson-annotations-2.11.0.jar:/Users/namdarkabolinejad/.m2/repository/com/fasterxml/jackson/core/jackson-core/2.11.0/jackson-core-2.11.0.jar:/Users/namdarkabolinejad/.m2/repository/com/fasterxml/jackson/datatype/jackson-datatype-jdk8/2.11.0/jackson-datatype-jdk8-2.11.0.jar:/Users/namdarkabolinejad/.m2/repository/com/fasterxml/jackson/datatype/jackson-datatype-jsr310/2.11.0/jackson-datatype-jsr310-2.11.0.jar:/Users/namdarkabolinejad/.m2/repository/com/fasterxml/jackson/module/jackson-module-parameter-names/2.11.0/jackson-module-parameter-names-2.11.0.jar:/Users/namdarkabolinejad/.m2/repository/org/springframework/boot/spring-boot-starter-tomcat/2.3.0.RELEASE/spring-boot-starter-tomcat-2.3.0.RELEASE.jar:/Users/namdarkabolinejad/.m2/repository/org/apache/tomcat/embed/tomcat-embed-core/9.0.35/tomcat-embed-core-9.0.35.jar:/Users/namdarkabolinejad/.m2/repository/org/glassfish/jakarta.el/3.0.3/jakarta.el-3.0.3.jar:/Users/namdarkabolinejad/.m2/repository/org/apache/tomcat/embed/tomcat-embed-websocket/9.0.35/tomcat-embed-websocket-9.0.35.jar:/Users/namdarkabolinejad/.m2/repository/org/springframework/spring-web/5.2.6.RELEASE/spring-web-5.2.6.RELEASE.jar:/Users/namdarkabolinejad/.m2/repository/org/springframework/spring-beans/5.2.6.RELEASE/spring-beans-5.2.6.RELEASE.jar:/Users/namdarkabolinejad/.m2/repository/org/springframework/spring-webmvc/5.2.6.RELEASE/spring-webmvc-5.2.6.RELEASE.jar:/Users/namdarkabolinejad/.m2/repository/org/springframework/spring-aop/5.2.6.RELEASE/spring-aop-5.2.6.RELEASE.jar:/Users/namdarkabolinejad/.m2/repository/org/springframework/spring-context/5.2.6.RELEASE/spring-context-5.2.6.RELEASE.jar:/Users/namdarkabolinejad/.m2/repository/org/springframework/spring-expression/5.2.6.RELEASE/spring-expression-5.2.6.RELEASE.jar:/Users/namdarkabolinejad/.m2/repository/org/apache/logging/log4j/log4j-api/2.11.2/log4j-api-2.11.2.jar:/Users/namdarkabolinejad/.m2/repository/org/apache/logging/log4j/log4j-core/2.11.2/log4j-core-2.11.2.jar:/Users/namdarkabolinejad/.m2/repository/org/junit/jupiter/junit-jupiter/5.6.2/junit-jupiter-5.6.2.jar:/Users/namdarkabolinejad/.m2/repository/org/junit/jupiter/junit-jupiter-api/5.6.2/junit-jupiter-api-5.6.2.jar:/Users/namdarkabolinejad/.m2/repository/org/junit/jupiter/junit-jupiter-params/5.6.2/junit-jupiter-params-5.6.2.jar:/Users/namdarkabolinejad/.m2/repository/org/junit/jupiter/junit-jupiter-engine/5.6.2/junit-jupiter-engine-5.6.2.jar:"/>
    <property name="java.vm.vendor" value="Homebrew"/>
    <property name="sun.arch.data.model" value="64"/>
    <property name="java.vendor.url" value="https://github.com/Homebrew/homebrew-core/issues"/>
    <property name="os.name" value="Mac OS X"/>
    <property name="java.vm.specification.version" value="19"/>
    <property name="sun.java.launcher" value="SUN_STANDARD"/>
    <property name="user.country" value="CA"/>
    <property name="sun.boot.library.path" value="/opt/homebrew/Cellar/openjdk/19.0.1/libexec/openjdk.jdk/Contents/Home/lib"/>
    <property name="sun.java.command" value="/Users/namdarkabolinejad/Desktop/FALL2022/ecse437-final/server/target/surefire/surefirebooter10098436526748942520.jar /Users/namdarkabolinejad/Desktop/FALL2022/ecse437-final/server/target/surefire 2022-12-06T03-17-59_691-jvmRun1 surefire10502787704521516252tmp surefire_07353178594964762252tmp"/>
    <property name="http.nonProxyHosts" value="local|*.local|169.254/16|*.169.254/16"/>
    <property name="jdk.debug" value="release"/>
    <property name="surefire.test.class.path" value="/Users/namdarkabolinejad/Desktop/FALL2022/ecse437-final/server/target/test-classes:/Users/namdarkabolinejad/Desktop/FALL2022/ecse437-final/server/target/classes:/Users/namdarkabolinejad/.m2/repository/org/junit/vintage/junit-vintage-engine/5.6.2/junit-vintage-engine-5.6.2.jar:/Users/namdarkabolinejad/.m2/repository/org/apiguardian/apiguardian-api/1.1.0/apiguardian-api-1.1.0.jar:/Users/namdarkabolinejad/.m2/repository/org/junit/platform/junit-platform-engine/1.6.2/junit-platform-engine-1.6.2.jar:/Users/namdarkabolinejad/.m2/repository/org/opentest4j/opentest4j/1.2.0/opentest4j-1.2.0.jar:/Users/namdarkabolinejad/.m2/repository/org/junit/platform/junit-platform-commons/1.6.2/junit-platform-commons-1.6.2.jar:/Users/namdarkabolinejad/.m2/repository/junit/junit/4.13/junit-4.13.jar:/Users/namdarkabolinejad/.m2/repository/org/hamcrest/hamcrest-core/2.2/hamcrest-core-2.2.jar:/Users/namdarkabolinejad/.m2/repository/org/hamcrest/hamcrest/2.2/hamcrest-2.2.jar:/Users/namdarkabolinejad/.m2/repository/com/google/code/gson/gson/2.10/gson-2.10.jar:/Users/namdarkabolinejad/.m2/repository/org/springframework/boot/spring-boot-starter-web/2.3.0.RELEASE/spring-boot-starter-web-2.3.0.RELEASE.jar:/Users/namdarkabolinejad/.m2/repository/org/springframework/boot/spring-boot-starter/2.3.0.RELEASE/spring-boot-starter-2.3.0.RELEASE.jar:/Users/namdarkabolinejad/.m2/repository/org/springframework/boot/spring-boot/2.3.0.RELEASE/spring-boot-2.3.0.RELEASE.jar:/Users/namdarkabolinejad/.m2/repository/org/springframework/boot/spring-boot-autoconfigure/2.3.0.RELEASE/spring-boot-autoconfigure-2.3.0.RELEASE.jar:/Users/namdarkabolinejad/.m2/repository/org/springframework/boot/spring-boot-starter-logging/2.3.0.RELEASE/spring-boot-starter-logging-2.3.0.RELEASE.jar:/Users/namdarkabolinejad/.m2/repository/ch/qos/logback/logback-classic/1.2.3/logback-classic-1.2.3.jar:/Users/namdarkabolinejad/.m2/repository/ch/qos/logback/logback-core/1.2.3/logback-core-1.2.3.jar:/Users/namdarkabolinejad/.m2/repository/org/slf4j/slf4j-api/1.7.30/slf4j-api-1.7.30.jar:/Users/namdarkabolinejad/.m2/repository/org/apache/logging/log4j/log4j-to-slf4j/2.13.2/log4j-to-slf4j-2.13.2.jar:/Users/namdarkabolinejad/.m2/repository/org/slf4j/jul-to-slf4j/1.7.30/jul-to-slf4j-1.7.30.jar:/Users/namdarkabolinejad/.m2/repository/jakarta/annotation/jakarta.annotation-api/1.3.5/jakarta.annotation-api-1.3.5.jar:/Users/namdarkabolinejad/.m2/repository/org/springframework/spring-core/5.2.6.RELEASE/spring-core-5.2.6.RELEASE.jar:/Users/namdarkabolinejad/.m2/repository/org/springframework/spring-jcl/5.2.6.RELEASE/spring-jcl-5.2.6.RELEASE.jar:/Users/namdarkabolinejad/.m2/repository/org/yaml/snakeyaml/1.26/snakeyaml-1.26.jar:/Users/namdarkabolinejad/.m2/repository/org/springframework/boot/spring-boot-starter-json/2.3.0.RELEASE/spring-boot-starter-json-2.3.0.RELEASE.jar:/Users/namdarkabolinejad/.m2/repository/com/fasterxml/jackson/core/jackson-databind/2.11.0/jackson-databind-2.11.0.jar:/Users/namdarkabolinejad/.m2/repository/com/fasterxml/jackson/core/jackson-annotations/2.11.0/jackson-annotations-2.11.0.jar:/Users/namdarkabolinejad/.m2/repository/com/fasterxml/jackson/core/jackson-core/2.11.0/jackson-core-2.11.0.jar:/Users/namdarkabolinejad/.m2/repository/com/fasterxml/jackson/datatype/jackson-datatype-jdk8/2.11.0/jackson-datatype-jdk8-2.11.0.jar:/Users/namdarkabolinejad/.m2/repository/com/fasterxml/jackson/datatype/jackson-datatype-jsr310/2.11.0/jackson-datatype-jsr310-2.11.0.jar:/Users/namdarkabolinejad/.m2/repository/com/fasterxml/jackson/module/jackson-module-parameter-names/2.11.0/jackson-module-parameter-names-2.11.0.jar:/Users/namdarkabolinejad/.m2/repository/org/springframework/boot/spring-boot-starter-tomcat/2.3.0.RELEASE/spring-boot-starter-tomcat-2.3.0.RELEASE.jar:/Users/namdarkabolinejad/.m2/repository/org/apache/tomcat/embed/tomcat-embed-core/9.0.35/tomcat-embed-core-9.0.35.jar:/Users/namdarkabolinejad/.m2/repository/org/glassfish/jakarta.el/3.0.3/jakarta.el-3.0.3.jar:/Users/namdarkabolinejad/.m2/repository/org/apache/tomcat/embed/tomcat-embed-websocket/9.0.35/tomcat-embed-websocket-9.0.35.jar:/Users/namdarkabolinejad/.m2/repository/org/springframework/spring-web/5.2.6.RELEASE/spring-web-5.2.6.RELEASE.jar:/Users/namdarkabolinejad/.m2/repository/org/springframework/spring-beans/5.2.6.RELEASE/spring-beans-5.2.6.RELEASE.jar:/Users/namdarkabolinejad/.m2/repository/org/springframework/spring-webmvc/5.2.6.RELEASE/spring-webmvc-5.2.6.RELEASE.jar:/Users/namdarkabolinejad/.m2/repository/org/springframework/spring-aop/5.2.6.RELEASE/spring-aop-5.2.6.RELEASE.jar:/Users/namdarkabolinejad/.m2/repository/org/springframework/spring-context/5.2.6.RELEASE/spring-context-5.2.6.RELEASE.jar:/Users/namdarkabolinejad/.m2/repository/org/springframework/spring-expression/5.2.6.RELEASE/spring-expression-5.2.6.RELEASE.jar:/Users/namdarkabolinejad/.m2/repository/org/apache/logging/log4j/log4j-api/2.11.2/log4j-api-2.11.2.jar:/Users/namdarkabolinejad/.m2/repository/org/apache/logging/log4j/log4j-core/2.11.2/log4j-core-2.11.2.jar:/Users/namdarkabolinejad/.m2/repository/org/junit/jupiter/junit-jupiter/5.6.2/junit-jupiter-5.6.2.jar:/Users/namdarkabolinejad/.m2/repository/org/junit/jupiter/junit-jupiter-api/5.6.2/junit-jupiter-api-5.6.2.jar:/Users/namdarkabolinejad/.m2/repository/org/junit/jupiter/junit-jupiter-params/5.6.2/junit-jupiter-params-5.6.2.jar:/Users/namdarkabolinejad/.m2/repository/org/junit/jupiter/junit-jupiter-engine/5.6.2/junit-jupiter-engine-5.6.2.jar:"/>
    <property name="sun.cpu.endian" value="little"/>
    <property name="user.home" value="/Users/namdarkabolinejad"/>
    <property name="user.language" value="en"/>
    <property name="java.specification.vendor" value="Oracle Corporation"/>
    <property name="java.version.date" value="2022-10-18"/>
    <property name="java.home" value="/opt/homebrew/Cellar/openjdk/19.0.1/libexec/openjdk.jdk/Contents/Home"/>
    <property name="file.separator" value="/"/>
    <property name="basedir" value="/Users/namdarkabolinejad/Desktop/FALL2022/ecse437-final/server"/>
    <property name="java.vm.compressedOopsMode" value="Zero based"/>
    <property name="line.separator" value="&#10;"/>
    <property name="java.vm.specification.vendor" value="Oracle Corporation"/>
    <property name="java.specification.name" value="Java Platform API Specification"/>
    <property name="apple.awt.application.name" value="ForkedBooter"/>
    <property name="surefire.real.class.path" value="/Users/namdarkabolinejad/Desktop/FALL2022/ecse437-final/server/target/surefire/surefirebooter10098436526748942520.jar"/>
    <property name="sun.management.compiler" value="HotSpot 64-Bit Tiered Compilers"/>
    <property name="ftp.nonProxyHosts" value="local|*.local|169.254/16|*.169.254/16"/>
    <property name="java.runtime.version" value="19.0.1"/>
    <property name="user.name" value="namdarkabolinejad"/>
    <property name="stdout.encoding" value="UTF-8"/>
    <property name="path.separator" value=":"/>
    <property name="os.version" value="12.5.1"/>
    <property name="java.runtime.name" value="OpenJDK Runtime Environment"/>
    <property name="file.encoding" value="UTF-8"/>
    <property name="java.vm.name" value="OpenJDK 64-Bit Server VM"/>
    <property name="java.vendor.version" value="Homebrew"/>
    <property name="localRepository" value="/Users/namdarkabolinejad/.m2/repository"/>
    <property name="java.vendor.url.bug" value="https://github.com/Homebrew/homebrew-core/issues"/>
    <property name="java.io.tmpdir" value="/var/folders/47/x05hw_1n5c3dlh2tqntsb1200000gn/T/"/>
    <property name="java.version" value="19.0.1"/>
    <property name="user.dir" value="/Users/namdarkabolinejad/Desktop/FALL2022/ecse437-final/server"/>
    <property name="os.arch" value="aarch64"/>
    <property name="java.vm.specification.name" value="Java Virtual Machine Specification"/>
    <property name="native.encoding" value="UTF-8"/>
    <property name="java.library.path" value="/Users/namdarkabolinejad/Library/Java/Extensions:/Library/Java/Extensions:/Network/Library/Java/Extensions:/System/Library/Java/Extensions:/usr/lib/java:."/>
    <property name="java.vm.info" value="mixed mode, sharing"/>
    <property name="stderr.encoding" value="UTF-8"/>
    <property name="java.vendor" value="Homebrew"/>
    <property name="java.vm.version" value="19.0.1"/>
    <property name="sun.io.unicode.encoding" value="UnicodeBig"/>
    <property name="socksNonProxyHosts" value="local|*.local|169.254/16|*.169.254/16"/>
    <property name="java.class.version" value="63.0"/>
  </properties>
  <testcase name="testManager" classname="hexanome.thirteen.server.model.ManagerTest" time="0"/>
</testsuite>